{"level":"info","message":"GET /api/health","service":"event-locator-backend","timestamp":"2026-03-25 16:34:09"}
{"level":"info","message":"GET /favicon.ico","service":"event-locator-backend","timestamp":"2026-03-25 16:34:10"}
{"level":"info","message":"GET /api/categories","service":"event-locator-backend","timestamp":"2026-03-25 16:34:41"}
{"level":"info","message":"User registered: test@example.com","service":"event-locator-backend","timestamp":"2026-03-25 16:44:34"}
{"level":"info","message":"User logged in: test@example.com","service":"event-locator-backend","timestamp":"2026-03-25 16:44:35"}
{"level":"info","message":"Password changed for user: 12345","service":"event-locator-backend","timestamp":"2026-03-25 16:44:36"}
{"level":"info","message":"POST /api/auth/register","service":"event-locator-backend","timestamp":"2026-03-25 16:44:38"}
{"0":"d","1":"a","10":"e","11":"v","12":"e","13":"n","14":"t","15":"_","16":"l","17":"o","18":"c","19":"a","2":"t","20":"t","21":"o","22":"r","23":"_","24":"t","25":"e","26":"s","27":"t","28":"\"","29":" ","3":"a","30":"d","31":"o","32":"e","33":"s","34":" ","35":"n","36":"o","37":"t","38":" ","39":"e","4":"b","40":"x","41":"i","42":"s","43":"t","5":"a","6":"s","7":"e","8":" ","9":"\"","level":"error","message":"Registration error:","service":"event-locator-backend","timestamp":"2026-03-25 16:44:38"}
{"level":"info","message":"POST /api/auth/register","service":"event-locator-backend","timestamp":"2026-03-25 16:44:38"}
{"level":"info","message":"POST /api/auth/login","service":"event-locator-backend","timestamp":"2026-03-25 16:44:38"}
{"0":"d","1":"a","10":"e","11":"v","12":"e","13":"n","14":"t","15":"_","16":"l","17":"o","18":"c","19":"a","2":"t","20":"t","21":"o","22":"r","23":"_","24":"t","25":"e","26":"s","27":"t","28":"\"","29":" ","3":"a","30":"d","31":"o","32":"e","33":"s","34":" ","35":"n","36":"o","37":"t","38":" ","39":"e","4":"b","40":"x","41":"i","42":"s","43":"t","5":"a","6":"s","7":"e","8":" ","9":"\"","level":"error","message":"Login error:","service":"event-locator-backend","timestamp":"2026-03-25 16:44:38"}
{"level":"info","message":"POST /api/auth/login","service":"event-locator-backend","timestamp":"2026-03-25 16:44:38"}
{"0":"d","1":"a","10":"e","11":"v","12":"e","13":"n","14":"t","15":"_","16":"l","17":"o","18":"c","19":"a","2":"t","20":"t","21":"o","22":"r","23":"_","24":"t","25":"e","26":"s","27":"t","28":"\"","29":" ","3":"a","30":"d","31":"o","32":"e","33":"s","34":" ","35":"n","36":"o","37":"t","38":" ","39":"e","4":"b","40":"x","41":"i","42":"s","43":"t","5":"a","6":"s","7":"e","8":" ","9":"\"","level":"error","message":"Login error:","service":"event-locator-backend","timestamp":"2026-03-25 16:44:38"}
{"level":"info","message":"GET /api/auth/me","service":"event-locator-backend","timestamp":"2026-03-25 16:44:38"}
{"level":"info","message":"POST /api/auth/login","service":"event-locator-backend","timestamp":"2026-03-25 16:44:38"}
{"0":"d","1":"a","10":"e","11":"v","12":"e","13":"n","14":"t","15":"_","16":"l","17":"o","18":"c","19":"a","2":"t","20":"t","21":"o","22":"r","23":"_","24":"t","25":"e","26":"s","27":"t","28":"\"","29":" ","3":"a","30":"d","31":"o","32":"e","33":"s","34":" ","35":"n","36":"o","37":"t","38":" ","39":"e","4":"b","40":"x","41":"i","42":"s","43":"t","5":"a","6":"s","7":"e","8":" ","9":"\"","level":"error","message":"Login error:","service":"event-locator-backend","timestamp":"2026-03-25 16:44:38"}
{"level":"info","message":"POST /api/events","service":"event-locator-backend","timestamp":"2026-03-25 16:44:38"}
{"0":"d","1":"a","10":"e","11":"v","12":"e","13":"n","14":"t","15":"_","16":"l","17":"o","18":"c","19":"a","2":"t","20":"t","21":"o","22":"r","23":"_","24":"t","25":"e","26":"s","27":"t","28":"\"","29":" ","3":"a","30":"d","31":"o","32":"e","33":"s","34":" ","35":"n","36":"o","37":"t","38":" ","39":"e","4":"b","40":"x","41":"i","42":"s","43":"t","5":"a","6":"s","7":"e","8":" ","9":"\"","level":"error","message":"Create event error:","service":"event-locator-backend","timestamp":"2026-03-25 16:44:38"}
{"level":"info","message":"POST /api/events","service":"event-locator-backend","timestamp":"2026-03-25 16:44:38"}
{"level":"info","message":"GET /api/events/valid-event-id","service":"event-locator-backend","timestamp":"2026-03-25 16:44:38"}
{"level":"info","message":"GET /api/health","service":"event-locator-backend","timestamp":"2026-03-25 16:44:38"}
{"level":"info","message":"POST /api/auth/login","service":"event-locator-backend","timestamp":"2026-03-25 16:44:38"}
{"0":"d","1":"a","10":"e","11":"v","12":"e","13":"n","14":"t","15":"_","16":"l","17":"o","18":"c","19":"a","2":"t","20":"t","21":"o","22":"r","23":"_","24":"t","25":"e","26":"s","27":"t","28":"\"","29":" ","3":"a","30":"d","31":"o","32":"e","33":"s","34":" ","35":"n","36":"o","37":"t","38":" ","39":"e","4":"b","40":"x","41":"i","42":"s","43":"t","5":"a","6":"s","7":"e","8":" ","9":"\"","level":"error","message":"Login error:","service":"event-locator-backend","timestamp":"2026-03-25 16:44:38"}
{"level":"info","message":"User registered: test@example.com","service":"event-locator-backend","timestamp":"2026-03-25 16:45:39"}
{"level":"info","message":"User logged in: test@example.com","service":"event-locator-backend","timestamp":"2026-03-25 16:45:39"}
{"level":"info","message":"Password changed for user: 12345","service":"event-locator-backend","timestamp":"2026-03-25 16:45:40"}
{"level":"info","message":"GET /api/health","service":"event-locator-backend","timestamp":"2026-03-25 16:45:41"}
{"level":"info","message":"POST /api/auth/register","service":"event-locator-backend","timestamp":"2026-03-25 16:45:41"}
{"level":"info","message":"User registered: test@example.com","service":"event-locator-backend","timestamp":"2026-03-25 16:45:41"}
{"level":"info","message":"POST /api/auth/register","service":"event-locator-backend","timestamp":"2026-03-25 16:45:41"}
{"level":"info","message":"POST /api/auth/register","service":"event-locator-backend","timestamp":"2026-03-25 16:45:41"}
{"0":"U","1":"s","10":"t","11":"h","12":"i","13":"s","14":" ","15":"e","16":"m","17":"a","18":"i","19":"l","2":"e","20":" ","21":"a","22":"l","23":"r","24":"e","25":"a","26":"d","27":"y","28":" ","29":"e","3":"r","30":"x","31":"i","32":"s","33":"t","34":"s","4":" ","5":"w","6":"i","7":"t","8":"h","9":" ","level":"error","message":"Registration error:","service":"event-locator-backend","timestamp":"2026-03-25 16:45:41"}
{"level":"info","message":"POST /api/auth/login","service":"event-locator-backend","timestamp":"2026-03-25 16:45:41"}
{"level":"info","message":"User logged in: test@example.com","service":"event-locator-backend","timestamp":"2026-03-25 16:45:41"}
{"level":"info","message":"POST /api/auth/login","service":"event-locator-backend","timestamp":"2026-03-25 16:45:41"}
{"0":"I","1":"n","10":"a","11":"i","12":"l","13":" ","14":"o","15":"r","16":" ","17":"p","18":"a","19":"s","2":"v","20":"s","21":"w","22":"o","23":"r","24":"d","3":"a","4":"l","5":"i","6":"d","7":" ","8":"e","9":"m","level":"error","message":"Login error:","service":"event-locator-backend","timestamp":"2026-03-25 16:45:41"}
{"level":"info","message":"GET /api/auth/me","service":"event-locator-backend","timestamp":"2026-03-25 16:45:41"}
{"level":"info","message":"GET /api/auth/me","service":"event-locator-backend","timestamp":"2026-03-25 16:45:41"}
{"level":"info","message":"POST /api/events","service":"event-locator-backend","timestamp":"2026-03-25 16:45:41"}
{"level":"info","message":"Event created: evt1 by user test-user-id","service":"event-locator-backend","timestamp":"2026-03-25 16:45:41"}
{"level":"info","message":"POST /api/events","service":"event-locator-backend","timestamp":"2026-03-25 16:45:41"}
{"level":"info","message":"POST /api/events","service":"event-locator-backend","timestamp":"2026-03-25 16:45:41"}
{"level":"info","message":"GET /api/events/not-a-uuid","service":"event-locator-backend","timestamp":"2026-03-25 16:45:41"}
{"level":"info","message":"POST /api/auth/login","service":"event-locator-backend","timestamp":"2026-03-25 16:45:41"}
{"0":"I","1":"n","10":"a","11":"i","12":"l","13":" ","14":"o","15":"r","16":" ","17":"p","18":"a","19":"s","2":"v","20":"s","21":"w","22":"o","23":"r","24":"d","3":"a","4":"l","5":"i","6":"d","7":" ","8":"e","9":"m","level":"error","message":"Login error:","service":"event-locator-backend","timestamp":"2026-03-25 16:45:41"}
{"level":"info","message":"POST /api/auth/login","service":"event-locator-backend","timestamp":"2026-03-25 16:45:41"}
{"0":"I","1":"n","10":"a","11":"i","12":"l","13":" ","14":"o","15":"r","16":" ","17":"p","18":"a","19":"s","2":"v","20":"s","21":"w","22":"o","23":"r","24":"d","3":"a","4":"l","5":"i","6":"d","7":" ","8":"e","9":"m","level":"error","message":"Login error:","service":"event-locator-backend","timestamp":"2026-03-25 16:45:41"}
{"level":"info","message":"GET /api/categories","service":"event-locator-backend","timestamp":"2026-03-25 16:45:41"}
{"level":"info","message":"User registered: test@example.com","service":"event-locator-backend","timestamp":"2026-03-25 16:46:59"}
{"level":"info","message":"User logged in: test@example.com","service":"event-locator-backend","timestamp":"2026-03-25 16:47:00"}
{"level":"info","message":"Password changed for user: 12345","service":"event-locator-backend","timestamp":"2026-03-25 16:47:01"}
{"level":"info","message":"GET /api/health","service":"event-locator-backend","timestamp":"2026-03-25 16:47:03"}
{"level":"info","message":"POST /api/auth/register","service":"event-locator-backend","timestamp":"2026-03-25 16:47:03"}
{"level":"info","message":"User registered: test@example.com","service":"event-locator-backend","timestamp":"2026-03-25 16:47:03"}
{"level":"info","message":"POST /api/auth/register","service":"event-locator-backend","timestamp":"2026-03-25 16:47:03"}
{"level":"info","message":"POST /api/auth/register","service":"event-locator-backend","timestamp":"2026-03-25 16:47:03"}
{"0":"U","1":"s","10":"t","11":"h","12":"i","13":"s","14":" ","15":"e","16":"m","17":"a","18":"i","19":"l","2":"e","20":" ","21":"a","22":"l","23":"r","24":"e","25":"a","26":"d","27":"y","28":" ","29":"e","3":"r","30":"x","31":"i","32":"s","33":"t","34":"s","4":" ","5":"w","6":"i","7":"t","8":"h","9":" ","level":"error","message":"Registration error:","service":"event-locator-backend","timestamp":"2026-03-25 16:47:03"}
{"level":"info","message":"POST /api/auth/login","service":"event-locator-backend","timestamp":"2026-03-25 16:47:03"}
{"level":"info","message":"User logged in: test@example.com","service":"event-locator-backend","timestamp":"2026-03-25 16:47:03"}
{"level":"info","message":"POST /api/auth/login","service":"event-locator-backend","timestamp":"2026-03-25 16:47:03"}
{"0":"I","1":"n","10":"a","11":"i","12":"l","13":" ","14":"o","15":"r","16":" ","17":"p","18":"a","19":"s","2":"v","20":"s","21":"w","22":"o","23":"r","24":"d","3":"a","4":"l","5":"i","6":"d","7":" ","8":"e","9":"m","level":"error","message":"Login error:","service":"event-locator-backend","timestamp":"2026-03-25 16:47:03"}
{"level":"info","message":"GET /api/auth/me","service":"event-locator-backend","timestamp":"2026-03-25 16:47:03"}
{"level":"info","message":"GET /api/auth/me","service":"event-locator-backend","timestamp":"2026-03-25 16:47:03"}
{"level":"info","message":"POST /api/events","service":"event-locator-backend","timestamp":"2026-03-25 16:47:03"}
{"level":"info","message":"Event created: evt1 by user test-user-id","service":"event-locator-backend","timestamp":"2026-03-25 16:47:03"}
{"level":"info","message":"POST /api/events","service":"event-locator-backend","timestamp":"2026-03-25 16:47:03"}
{"level":"info","message":"POST /api/events","service":"event-locator-backend","timestamp":"2026-03-25 16:47:03"}
{"level":"info","message":"GET /api/events/not-a-uuid","service":"event-locator-backend","timestamp":"2026-03-25 16:47:03"}
{"level":"info","message":"POST /api/auth/login","service":"event-locator-backend","timestamp":"2026-03-25 16:47:03"}
{"0":"I","1":"n","10":"a","11":"i","12":"l","13":" ","14":"o","15":"r","16":" ","17":"p","18":"a","19":"s","2":"v","20":"s","21":"w","22":"o","23":"r","24":"d","3":"a","4":"l","5":"i","6":"d","7":" ","8":"e","9":"m","level":"error","message":"Login error:","service":"event-locator-backend","timestamp":"2026-03-25 16:47:03"}
{"level":"info","message":"POST /api/auth/login","service":"event-locator-backend","timestamp":"2026-03-25 16:47:03"}
{"0":"I","1":"n","10":"a","11":"i","12":"l","13":" ","14":"o","15":"r","16":" ","17":"p","18":"a","19":"s","2":"v","20":"s","21":"w","22":"o","23":"r","24":"d","3":"a","4":"l","5":"i","6":"d","7":" ","8":"e","9":"m","level":"error","message":"Login error:","service":"event-locator-backend","timestamp":"2026-03-25 16:47:03"}
{"level":"info","message":"GET /api/categories","service":"event-locator-backend","timestamp":"2026-03-25 16:47:03"}
{"level":"info","message":"User registered: test@example.com","service":"event-locator-backend","timestamp":"2026-03-25 16:47:44"}
{"level":"info","message":"User logged in: test@example.com","service":"event-locator-backend","timestamp":"2026-03-25 16:47:44"}
{"level":"info","message":"Password changed for user: 12345","service":"event-locator-backend","timestamp":"2026-03-25 16:47:45"}
{"level":"info","message":"GET /api/health","service":"event-locator-backend","timestamp":"2026-03-25 16:47:46"}
{"level":"info","message":"POST /api/auth/register","service":"event-locator-backend","timestamp":"2026-03-25 16:47:46"}
{"level":"info","message":"User registered: test@example.com","service":"event-locator-backend","timestamp":"2026-03-25 16:47:46"}
{"level":"info","message":"POST /api/auth/register","service":"event-locator-backend","timestamp":"2026-03-25 16:47:46"}
{"level":"info","message":"POST /api/auth/register","service":"event-locator-backend","timestamp":"2026-03-25 16:47:46"}
{"0":"U","1":"s","10":"t","11":"h","12":"i","13":"s","14":" ","15":"e","16":"m","17":"a","18":"i","19":"l","2":"e","20":" ","21":"a","22":"l","23":"r","24":"e","25":"a","26":"d","27":"y","28":" ","29":"e","3":"r","30":"x","31":"i","32":"s","33":"t","34":"s","4":" ","5":"w","6":"i","7":"t","8":"h","9":" ","level":"error","message":"Registration error:","service":"event-locator-backend","timestamp":"2026-03-25 16:47:46"}
{"level":"info","message":"POST /api/auth/login","service":"event-locator-backend","timestamp":"2026-03-25 16:47:46"}
{"level":"info","message":"User logged in: test@example.com","service":"event-locator-backend","timestamp":"2026-03-25 16:47:46"}
{"level":"info","message":"POST /api/auth/login","service":"event-locator-backend","timestamp":"2026-03-25 16:47:46"}
{"0":"I","1":"n","10":"a","11":"i","12":"l","13":" ","14":"o","15":"r","16":" ","17":"p","18":"a","19":"s","2":"v","20":"s","21":"w","22":"o","23":"r","24":"d","3":"a","4":"l","5":"i","6":"d","7":" ","8":"e","9":"m","level":"error","message":"Login error:","service":"event-locator-backend","timestamp":"2026-03-25 16:47:46"}
{"level":"info","message":"GET /api/auth/me","service":"event-locator-backend","timestamp":"2026-03-25 16:47:46"}
{"level":"info","message":"GET /api/auth/me","service":"event-locator-backend","timestamp":"2026-03-25 16:47:46"}
{"level":"info","message":"POST /api/events","service":"event-locator-backend","timestamp":"2026-03-25 16:47:46"}
{"level":"info","message":"Event created: evt1 by user test-user-id","service":"event-locator-backend","timestamp":"2026-03-25 16:47:46"}
{"level":"info","message":"POST /api/events","service":"event-locator-backend","timestamp":"2026-03-25 16:47:46"}
{"level":"info","message":"POST /api/events","service":"event-locator-backend","timestamp":"2026-03-25 16:47:46"}
{"level":"info","message":"GET /api/events/not-a-uuid","service":"event-locator-backend","timestamp":"2026-03-25 16:47:46"}
{"level":"info","message":"POST /api/auth/login","service":"event-locator-backend","timestamp":"2026-03-25 16:47:46"}
{"0":"I","1":"n","10":"a","11":"i","12":"l","13":" ","14":"o","15":"r","16":" ","17":"p","18":"a","19":"s","2":"v","20":"s","21":"w","22":"o","23":"r","24":"d","3":"a","4":"l","5":"i","6":"d","7":" ","8":"e","9":"m","level":"error","message":"Login error:","service":"event-locator-backend","timestamp":"2026-03-25 16:47:46"}
{"level":"info","message":"POST /api/auth/login","service":"event-locator-backend","timestamp":"2026-03-25 16:47:46"}
{"0":"I","1":"n","10":"a","11":"i","12":"l","13":" ","14":"o","15":"r","16":" ","17":"p","18":"a","19":"s","2":"v","20":"s","21":"w","22":"o","23":"r","24":"d","3":"a","4":"l","5":"i","6":"d","7":" ","8":"e","9":"m","level":"error","message":"Login error:","service":"event-locator-backend","timestamp":"2026-03-25 16:47:46"}
{"level":"info","message":"GET /api/categories","service":"event-locator-backend","timestamp":"2026-03-25 16:47:46"}
