{"0":"d","1":"a","10":"e","11":"v","12":"e","13":"n","14":"t","15":"_","16":"l","17":"o","18":"c","19":"a","2":"t","20":"t","21":"o","22":"r","23":"_","24":"t","25":"e","26":"s","27":"t","28":"\"","29":" ","3":"a","30":"d","31":"o","32":"e","33":"s","34":" ","35":"n","36":"o","37":"t","38":" ","39":"e","4":"b","40":"x","41":"i","42":"s","43":"t","5":"a","6":"s","7":"e","8":" ","9":"\"","level":"error","message":"Registration error:","service":"event-locator-backend","timestamp":"2026-03-25 16:44:38"}
{"0":"d","1":"a","10":"e","11":"v","12":"e","13":"n","14":"t","15":"_","16":"l","17":"o","18":"c","19":"a","2":"t","20":"t","21":"o","22":"r","23":"_","24":"t","25":"e","26":"s","27":"t","28":"\"","29":" ","3":"a","30":"d","31":"o","32":"e","33":"s","34":" ","35":"n","36":"o","37":"t","38":" ","39":"e","4":"b","40":"x","41":"i","42":"s","43":"t","5":"a","6":"s","7":"e","8":" ","9":"\"","level":"error","message":"Login error:","service":"event-locator-backend","timestamp":"2026-03-25 16:44:38"}
{"0":"d","1":"a","10":"e","11":"v","12":"e","13":"n","14":"t","15":"_","16":"l","17":"o","18":"c","19":"a","2":"t","20":"t","21":"o","22":"r","23":"_","24":"t","25":"e","26":"s","27":"t","28":"\"","29":" ","3":"a","30":"d","31":"o","32":"e","33":"s","34":" ","35":"n","36":"o","37":"t","38":" ","39":"e","4":"b","40":"x","41":"i","42":"s","43":"t","5":"a","6":"s","7":"e","8":" ","9":"\"","level":"error","message":"Login error:","service":"event-locator-backend","timestamp":"2026-03-25 16:44:38"}
{"0":"d","1":"a","10":"e","11":"v","12":"e","13":"n","14":"t","15":"_","16":"l","17":"o","18":"c","19":"a","2":"t","20":"t","21":"o","22":"r","23":"_","24":"t","25":"e","26":"s","27":"t","28":"\"","29":" ","3":"a","30":"d","31":"o","32":"e","33":"s","34":" ","35":"n","36":"o","37":"t","38":" ","39":"e","4":"b","40":"x","41":"i","42":"s","43":"t","5":"a","6":"s","7":"e","8":" ","9":"\"","level":"error","message":"Login error:","service":"event-locator-backend","timestamp":"2026-03-25 16:44:38"}
{"0":"d","1":"a","10":"e","11":"v","12":"e","13":"n","14":"t","15":"_","16":"l","17":"o","18":"c","19":"a","2":"t","20":"t","21":"o","22":"r","23":"_","24":"t","25":"e","26":"s","27":"t","28":"\"","29":" ","3":"a","30":"d","31":"o","32":"e","33":"s","34":" ","35":"n","36":"o","37":"t","38":" ","39":"e","4":"b","40":"x","41":"i","42":"s","43":"t","5":"a","6":"s","7":"e","8":" ","9":"\"","level":"error","message":"Create event error:","service":"event-locator-backend","timestamp":"2026-03-25 16:44:38"}
{"0":"d","1":"a","10":"e","11":"v","12":"e","13":"n","14":"t","15":"_","16":"l","17":"o","18":"c","19":"a","2":"t","20":"t","21":"o","22":"r","23":"_","24":"t","25":"e","26":"s","27":"t","28":"\"","29":" ","3":"a","30":"d","31":"o","32":"e","33":"s","34":" ","35":"n","36":"o","37":"t","38":" ","39":"e","4":"b","40":"x","41":"i","42":"s","43":"t","5":"a","6":"s","7":"e","8":" ","9":"\"","level":"error","message":"Login error:","service":"event-locator-backend","timestamp":"2026-03-25 16:44:38"}
{"0":"U","1":"s","10":"t","11":"h","12":"i","13":"s","14":" ","15":"e","16":"m","17":"a","18":"i","19":"l","2":"e","20":" ","21":"a","22":"l","23":"r","24":"e","25":"a","26":"d","27":"y","28":" ","29":"e","3":"r","30":"x","31":"i","32":"s","33":"t","34":"s","4":" ","5":"w","6":"i","7":"t","8":"h","9":" ","level":"error","message":"Registration error:","service":"event-locator-backend","timestamp":"2026-03-25 16:45:41"}
{"0":"I","1":"n","10":"a","11":"i","12":"l","13":" ","14":"o","15":"r","16":" ","17":"p","18":"a","19":"s","2":"v","20":"s","21":"w","22":"o","23":"r","24":"d","3":"a","4":"l","5":"i","6":"d","7":" ","8":"e","9":"m","level":"error","message":"Login error:","service":"event-locator-backend","timestamp":"2026-03-25 16:45:41"}
{"0":"I","1":"n","10":"a","11":"i","12":"l","13":" ","14":"o","15":"r","16":" ","17":"p","18":"a","19":"s","2":"v","20":"s","21":"w","22":"o","23":"r","24":"d","3":"a","4":"l","5":"i","6":"d","7":" ","8":"e","9":"m","level":"error","message":"Login error:","service":"event-locator-backend","timestamp":"2026-03-25 16:45:41"}
{"0":"I","1":"n","10":"a","11":"i","12":"l","13":" ","14":"o","15":"r","16":" ","17":"p","18":"a","19":"s","2":"v","20":"s","21":"w","22":"o","23":"r","24":"d","3":"a","4":"l","5":"i","6":"d","7":" ","8":"e","9":"m","level":"error","message":"Login error:","service":"event-locator-backend","timestamp":"2026-03-25 16:45:41"}
{"0":"U","1":"s","10":"t","11":"h","12":"i","13":"s","14":" ","15":"e","16":"m","17":"a","18":"i","19":"l","2":"e","20":" ","21":"a","22":"l","23":"r","24":"e","25":"a","26":"d","27":"y","28":" ","29":"e","3":"r","30":"x","31":"i","32":"s","33":"t","34":"s","4":" ","5":"w","6":"i","7":"t","8":"h","9":" ","level":"error","message":"Registration error:","service":"event-locator-backend","timestamp":"2026-03-25 16:47:03"}
{"0":"I","1":"n","10":"a","11":"i","12":"l","13":" ","14":"o","15":"r","16":" ","17":"p","18":"a","19":"s","2":"v","20":"s","21":"w","22":"o","23":"r","24":"d","3":"a","4":"l","5":"i","6":"d","7":" ","8":"e","9":"m","level":"error","message":"Login error:","service":"event-locator-backend","timestamp":"2026-03-25 16:47:03"}
{"0":"I","1":"n","10":"a","11":"i","12":"l","13":" ","14":"o","15":"r","16":" ","17":"p","18":"a","19":"s","2":"v","20":"s","21":"w","22":"o","23":"r","24":"d","3":"a","4":"l","5":"i","6":"d","7":" ","8":"e","9":"m","level":"error","message":"Login error:","service":"event-locator-backend","timestamp":"2026-03-25 16:47:03"}
{"0":"I","1":"n","10":"a","11":"i","12":"l","13":" ","14":"o","15":"r","16":" ","17":"p","18":"a","19":"s","2":"v","20":"s","21":"w","22":"o","23":"r","24":"d","3":"a","4":"l","5":"i","6":"d","7":" ","8":"e","9":"m","level":"error","message":"Login error:","service":"event-locator-backend","timestamp":"2026-03-25 16:47:03"}
{"0":"U","1":"s","10":"t","11":"h","12":"i","13":"s","14":" ","15":"e","16":"m","17":"a","18":"i","19":"l","2":"e","20":" ","21":"a","22":"l","23":"r","24":"e","25":"a","26":"d","27":"y","28":" ","29":"e","3":"r","30":"x","31":"i","32":"s","33":"t","34":"s","4":" ","5":"w","6":"i","7":"t","8":"h","9":" ","level":"error","message":"Registration error:","service":"event-locator-backend","timestamp":"2026-03-25 16:47:46"}
{"0":"I","1":"n","10":"a","11":"i","12":"l","13":" ","14":"o","15":"r","16":" ","17":"p","18":"a","19":"s","2":"v","20":"s","21":"w","22":"o","23":"r","24":"d","3":"a","4":"l","5":"i","6":"d","7":" ","8":"e","9":"m","level":"error","message":"Login error:","service":"event-locator-backend","timestamp":"2026-03-25 16:47:46"}
{"0":"I","1":"n","10":"a","11":"i","12":"l","13":" ","14":"o","15":"r","16":" ","17":"p","18":"a","19":"s","2":"v","20":"s","21":"w","22":"o","23":"r","24":"d","3":"a","4":"l","5":"i","6":"d","7":" ","8":"e","9":"m","level":"error","message":"Login error:","service":"event-locator-backend","timestamp":"2026-03-25 16:47:46"}
{"0":"I","1":"n","10":"a","11":"i","12":"l","13":" ","14":"o","15":"r","16":" ","17":"p","18":"a","19":"s","2":"v","20":"s","21":"w","22":"o","23":"r","24":"d","3":"a","4":"l","5":"i","6":"d","7":" ","8":"e","9":"m","level":"error","message":"Login error:","service":"event-locator-backend","timestamp":"2026-03-25 16:47:46"}
{"level":"error","message":"Not found","method":"GET","path":"/test","service":"event-locator-backend","stack":"stack","timestamp":"2026-03-26 11:35:07"}
{"level":"error","message":"Boom","method":"GET","path":"/test","service":"event-locator-backend","stack":"stack","timestamp":"2026-03-26 11:35:07"}
{"level":"error","message":"Dev error","method":"GET","path":"/test","service":"event-locator-backend","stack":"trace","timestamp":"2026-03-26 11:35:07"}
{"level":"error","message":"Prod error","method":"GET","path":"/test","service":"event-locator-backend","stack":"trace","timestamp":"2026-03-26 11:35:07"}
{"level":"error","message":"Forbidden","method":"GET","path":"/test","service":"event-locator-backend","stack":"stack","timestamp":"2026-03-26 11:35:07"}
{"level":"error","message":"Unknown","method":"GET","path":"/test","service":"event-locator-backend","stack":"stack","timestamp":"2026-03-26 11:35:07"}
{"level":"error","message":"Dev","method":"GET","path":"/test","service":"event-locator-backend","stack":"trace","timestamp":"2026-03-26 11:35:07"}
{"0":"i","1":"n","10":"k","11":"e","12":"n","2":"v","3":"a","4":"l","5":"i","6":"d","7":" ","8":"t","9":"o","level":"error","message":"Token verification failed:","service":"event-locator-backend","timestamp":"2026-03-26 11:35:07"}
{"0":"j","1":"w","10":"m","11":"e","12":"d","2":"t","3":" ","4":"m","5":"a","6":"l","7":"f","8":"o","9":"r","level":"error","message":"Token verification failed:","service":"event-locator-backend","timestamp":"2026-03-26 11:35:07"}
{"0":"U","1":"s","10":"t","11":"h","12":"i","13":"s","14":" ","15":"e","16":"m","17":"a","18":"i","19":"l","2":"e","20":" ","21":"a","22":"l","23":"r","24":"e","25":"a","26":"d","27":"y","28":" ","29":"e","3":"r","30":"x","31":"i","32":"s","33":"t","34":"s","4":" ","5":"w","6":"i","7":"t","8":"h","9":" ","level":"error","message":"Registration error:","service":"event-locator-backend","timestamp":"2026-03-26 11:35:41"}
{"0":"I","1":"n","10":"a","11":"i","12":"l","13":" ","14":"o","15":"r","16":" ","17":"p","18":"a","19":"s","2":"v","20":"s","21":"w","22":"o","23":"r","24":"d","3":"a","4":"l","5":"i","6":"d","7":" ","8":"e","9":"m","level":"error","message":"Login error:","service":"event-locator-backend","timestamp":"2026-03-26 11:35:41"}
{"0":"I","1":"n","10":"a","11":"i","12":"l","13":" ","14":"o","15":"r","16":" ","17":"p","18":"a","19":"s","2":"v","20":"s","21":"w","22":"o","23":"r","24":"d","3":"a","4":"l","5":"i","6":"d","7":" ","8":"e","9":"m","level":"error","message":"Login error:","service":"event-locator-backend","timestamp":"2026-03-26 11:35:41"}
{"0":"I","1":"n","10":"a","11":"i","12":"l","13":" ","14":"o","15":"r","16":" ","17":"p","18":"a","19":"s","2":"v","20":"s","21":"w","22":"o","23":"r","24":"d","3":"a","4":"l","5":"i","6":"d","7":" ","8":"e","9":"m","level":"error","message":"Login error:","service":"event-locator-backend","timestamp":"2026-03-26 11:35:41"}
{"level":"error","message":"Not found","method":"GET","path":"/test","service":"event-locator-backend","stack":"stack","timestamp":"2026-03-26 11:36:57"}
{"level":"error","message":"Boom","method":"GET","path":"/test","service":"event-locator-backend","stack":"stack","timestamp":"2026-03-26 11:36:57"}
{"level":"error","message":"Dev error","method":"GET","path":"/test","service":"event-locator-backend","stack":"trace","timestamp":"2026-03-26 11:36:57"}
{"level":"error","message":"Prod error","method":"GET","path":"/test","service":"event-locator-backend","stack":"trace","timestamp":"2026-03-26 11:36:57"}
{"level":"error","message":"Forbidden","method":"GET","path":"/test","service":"event-locator-backend","stack":"stack","timestamp":"2026-03-26 11:36:57"}
{"level":"error","message":"Unknown","method":"GET","path":"/test","service":"event-locator-backend","stack":"stack","timestamp":"2026-03-26 11:36:57"}
{"level":"error","message":"Dev","method":"GET","path":"/test","service":"event-locator-backend","stack":"trace","timestamp":"2026-03-26 11:36:57"}
{"0":"i","1":"n","10":"k","11":"e","12":"n","2":"v","3":"a","4":"l","5":"i","6":"d","7":" ","8":"t","9":"o","level":"error","message":"Token verification failed:","service":"event-locator-backend","timestamp":"2026-03-26 11:36:57"}
{"0":"j","1":"w","10":"m","11":"e","12":"d","2":"t","3":" ","4":"m","5":"a","6":"l","7":"f","8":"o","9":"r","level":"error","message":"Token verification failed:","service":"event-locator-backend","timestamp":"2026-03-26 11:36:57"}
{"0":"U","1":"s","10":"t","11":"h","12":"i","13":"s","14":" ","15":"e","16":"m","17":"a","18":"i","19":"l","2":"e","20":" ","21":"a","22":"l","23":"r","24":"e","25":"a","26":"d","27":"y","28":" ","29":"e","3":"r","30":"x","31":"i","32":"s","33":"t","34":"s","4":" ","5":"w","6":"i","7":"t","8":"h","9":" ","level":"error","message":"Registration error:","service":"event-locator-backend","timestamp":"2026-03-26 11:36:59"}
{"0":"I","1":"n","10":"a","11":"i","12":"l","13":" ","14":"o","15":"r","16":" ","17":"p","18":"a","19":"s","2":"v","20":"s","21":"w","22":"o","23":"r","24":"d","3":"a","4":"l","5":"i","6":"d","7":" ","8":"e","9":"m","level":"error","message":"Login error:","service":"event-locator-backend","timestamp":"2026-03-26 11:36:59"}
{"0":"I","1":"n","10":"a","11":"i","12":"l","13":" ","14":"o","15":"r","16":" ","17":"p","18":"a","19":"s","2":"v","20":"s","21":"w","22":"o","23":"r","24":"d","3":"a","4":"l","5":"i","6":"d","7":" ","8":"e","9":"m","level":"error","message":"Login error:","service":"event-locator-backend","timestamp":"2026-03-26 11:36:59"}
{"0":"I","1":"n","10":"a","11":"i","12":"l","13":" ","14":"o","15":"r","16":" ","17":"p","18":"a","19":"s","2":"v","20":"s","21":"w","22":"o","23":"r","24":"d","3":"a","4":"l","5":"i","6":"d","7":" ","8":"e","9":"m","level":"error","message":"Login error:","service":"event-locator-backend","timestamp":"2026-03-26 11:36:59"}
{"level":"error","message":"Not found","method":"GET","path":"/test","service":"event-locator-backend","stack":"stack","timestamp":"2026-03-26 12:33:31"}
{"level":"error","message":"Boom","method":"GET","path":"/test","service":"event-locator-backend","stack":"stack","timestamp":"2026-03-26 12:33:31"}
{"level":"error","message":"Dev error","method":"GET","path":"/test","service":"event-locator-backend","stack":"trace","timestamp":"2026-03-26 12:33:31"}
{"level":"error","message":"Prod error","method":"GET","path":"/test","service":"event-locator-backend","stack":"trace","timestamp":"2026-03-26 12:33:31"}
{"level":"error","message":"Forbidden","method":"GET","path":"/test","service":"event-locator-backend","stack":"stack","timestamp":"2026-03-26 12:33:31"}
{"level":"error","message":"Unknown","method":"GET","path":"/test","service":"event-locator-backend","stack":"stack","timestamp":"2026-03-26 12:33:31"}
{"level":"error","message":"Dev","method":"GET","path":"/test","service":"event-locator-backend","stack":"trace","timestamp":"2026-03-26 12:33:31"}
{"0":"i","1":"n","10":"k","11":"e","12":"n","2":"v","3":"a","4":"l","5":"i","6":"d","7":" ","8":"t","9":"o","level":"error","message":"Token verification failed:","service":"event-locator-backend","timestamp":"2026-03-26 12:33:31"}
{"0":"j","1":"w","10":"m","11":"e","12":"d","2":"t","3":" ","4":"m","5":"a","6":"l","7":"f","8":"o","9":"r","level":"error","message":"Token verification failed:","service":"event-locator-backend","timestamp":"2026-03-26 12:33:31"}
{"0":"U","1":"s","10":"t","11":"h","12":"i","13":"s","14":" ","15":"e","16":"m","17":"a","18":"i","19":"l","2":"e","20":" ","21":"a","22":"l","23":"r","24":"e","25":"a","26":"d","27":"y","28":" ","29":"e","3":"r","30":"x","31":"i","32":"s","33":"t","34":"s","4":" ","5":"w","6":"i","7":"t","8":"h","9":" ","level":"error","message":"Registration error:","service":"event-locator-backend","timestamp":"2026-03-26 12:33:32"}
{"0":"I","1":"n","10":"a","11":"i","12":"l","13":" ","14":"o","15":"r","16":" ","17":"p","18":"a","19":"s","2":"v","20":"s","21":"w","22":"o","23":"r","24":"d","3":"a","4":"l","5":"i","6":"d","7":" ","8":"e","9":"m","level":"error","message":"Login error:","service":"event-locator-backend","timestamp":"2026-03-26 12:33:32"}
{"0":"I","1":"n","10":"a","11":"i","12":"l","13":" ","14":"o","15":"r","16":" ","17":"p","18":"a","19":"s","2":"v","20":"s","21":"w","22":"o","23":"r","24":"d","3":"a","4":"l","5":"i","6":"d","7":" ","8":"e","9":"m","level":"error","message":"Login error:","service":"event-locator-backend","timestamp":"2026-03-26 12:33:32"}
{"0":"I","1":"n","10":"a","11":"i","12":"l","13":" ","14":"o","15":"r","16":" ","17":"p","18":"a","19":"s","2":"v","20":"s","21":"w","22":"o","23":"r","24":"d","3":"a","4":"l","5":"i","6":"d","7":" ","8":"e","9":"m","level":"error","message":"Login error:","service":"event-locator-backend","timestamp":"2026-03-26 12:33:32"}
